<?xml version="1.0" encoding="UTF-8"?>
<testng-results ignored="0" total="1" passed="1" failed="0" skipped="0">
  <reporter-output>
  </reporter-output>
  <suite started-at="2021-03-19T02:43:31 EET" name="Default suite" finished-at="2021-03-19T02:43:34 EET" duration-ms="3389">
    <groups>
    </groups>
    <test started-at="2021-03-19T02:43:31 EET" name="Default test" finished-at="2021-03-19T02:43:34 EET" duration-ms="3389">
      <class name="TestPackage.POST_APITest">
        <test-method signature="CreatePost()[pri:0, instance:TestPackage.POST_APITest@355ce81c]" started-at="2021-03-19T02:43:31 EET" name="CreatePost" finished-at="2021-03-19T02:43:34 EET" duration-ms="3331" status="PASS">
          <reporter-output>
          </reporter-output>
        </test-method> <!-- CreatePost -->
      </class> <!-- TestPackage.POST_APITest -->
    </test> <!-- Default test -->
  </suite> <!-- Default suite -->
</testng-results>
